2024-01-15 12:39:03,187 [INFO] Activator:176 - 


2024-01-15 12:39:03,188 [INFO] Activator:177 - !SESSION log4j initialized
2024-01-15 12:39:05,404 [INFO] LogOutputStream:77 - [STDOUT_REDIRECT] 
2024-01-15 12:39:06,916 [INFO] ApplicationProperties:184 - Using Application install path: C:\ST\STM32CubeIDE_1.13.2\STM32CubeIDE\plugins\com.st.stm32cube.common.mx_6.9.2.202309101412
2024-01-15 12:39:06,939 [INFO] DbMcusXml:78 - Set database path to: C:\ST\STM32CubeIDE_1.13.2\STM32CubeIDE\plugins\com.st.stm32cube.common.mx_6.9.2.202309101412\\db\/mcu/
2024-01-15 12:39:06,939 [INFO] ApiDb:274 - Set plugin database path to: C:\ST\STM32CubeIDE_1.13.2\STM32CubeIDE\plugins\com.st.stm32cube.common.mx_6.9.2.202309101412\\db\/plugins/boardmanager/
2024-01-15 12:39:06,939 [WARN] ApiDb:259 - Overriding images path with different value:  => C:\ST\STM32CubeIDE_1.13.2\STM32CubeIDE\plugins\com.st.stm32cube.common.mx_6.9.2.202309101412\\db\/plugins/mcufinder/images/
2024-01-15 12:39:06,951 [INFO] ApiDb:250 - Set database path to: C:\Users\dzanic\.stmcufinder\plugins\mcufinder//mcu/
2024-01-15 12:39:06,952 [INFO] DbMcusAds:125 - Set database path to: C:\Users\dzanic\.stmcufinder\plugins\mcufinder//mcu/
2024-01-15 12:39:06,954 [INFO] CrossReferenceDbSqlite:203 - Set database path to: C:\Users\dzanic\.stmcufinder\plugins\mcufinder//mcu/cs/
2024-01-15 12:39:07,056 [INFO] RulesReader:64 - Compatibility file has been processed (293 Rules)
2024-01-15 12:39:07,131 [INFO] DbMcusXml:78 - Set database path to: C:\ST\STM32CubeIDE_1.13.2\STM32CubeIDE\plugins\com.st.stm32cube.common.mx_6.9.2.202309101412\\db\/mcu/
2024-01-15 12:39:07,131 [INFO] ApiDb:274 - Set plugin database path to: C:\ST\STM32CubeIDE_1.13.2\STM32CubeIDE\plugins\com.st.stm32cube.common.mx_6.9.2.202309101412\\db\/plugins/boardmanager/
2024-01-15 12:39:07,132 [INFO] ApiDb:261 - Set plugin images path to: C:\ST\STM32CubeIDE_1.13.2\STM32CubeIDE\plugins\com.st.stm32cube.common.mx_6.9.2.202309101412\\db\/plugins/mcufinder/images/
2024-01-15 12:39:07,132 [WARN] DbFile:41 - Overriding database path with different value: C:\Users\dzanic\.stmcufinder\plugins\mcufinder/ => C:\Users\dzanic\.stmcufinder\plugins\mcufinder
2024-01-15 12:39:07,132 [INFO] ApiDb:250 - Set database path to: C:\Users\dzanic\.stmcufinder\plugins\mcufinder//mcu/
2024-01-15 12:39:07,132 [WARN] DbFile:41 - Overriding database path with different value: C:\Users\dzanic\.stmcufinder\plugins\mcufinder/ => C:\Users\dzanic\.stmcufinder\plugins\mcufinder
2024-01-15 12:39:07,132 [INFO] DbMcusAds:125 - Set database path to: C:\Users\dzanic\.stmcufinder\plugins\mcufinder//mcu/
2024-01-15 12:39:07,132 [WARN] DbFile:41 - Overriding database path with different value: C:\Users\dzanic\.stmcufinder\plugins\mcufinder/ => C:\Users\dzanic\.stmcufinder\plugins\mcufinder
2024-01-15 12:39:07,132 [WARN] DbFile:41 - Overriding database path with different value: C:\Users\dzanic\.stmcufinder\plugins\mcufinder/ => C:\Users\dzanic\.stmcufinder\plugins\mcufinder
2024-01-15 12:39:07,132 [INFO] CrossReferenceDbSqlite:203 - Set database path to: C:\Users\dzanic\.stmcufinder\plugins\mcufinder//mcu/cs/
2024-01-15 12:39:07,214 [INFO] MainPanel:262 - HeapMemory: 268435456
2024-01-15 12:39:07,311 [INFO] DbMcusXml:78 - Set database path to: C:\ST\STM32CubeIDE_1.13.2\STM32CubeIDE\plugins\com.st.stm32cube.common.mx_6.9.2.202309101412\\db\/mcu/
2024-01-15 12:39:07,312 [INFO] ApiDb:274 - Set plugin database path to: C:\ST\STM32CubeIDE_1.13.2\STM32CubeIDE\plugins\com.st.stm32cube.common.mx_6.9.2.202309101412\\db\/plugins/boardmanager/
2024-01-15 12:39:07,312 [INFO] ApiDb:261 - Set plugin images path to: C:\ST\STM32CubeIDE_1.13.2\STM32CubeIDE\plugins\com.st.stm32cube.common.mx_6.9.2.202309101412\\db\/plugins/mcufinder/images/
2024-01-15 12:39:07,312 [WARN] DbFile:41 - Overriding database path with different value: C:\Users\dzanic\.stmcufinder\plugins\mcufinder/ => C:\Users\dzanic\.stmcufinder\plugins\mcufinder
2024-01-15 12:39:07,312 [INFO] ApiDb:250 - Set database path to: C:\Users\dzanic\.stmcufinder\plugins\mcufinder//mcu/
2024-01-15 12:39:07,312 [WARN] DbFile:41 - Overriding database path with different value: C:\Users\dzanic\.stmcufinder\plugins\mcufinder/ => C:\Users\dzanic\.stmcufinder\plugins\mcufinder
2024-01-15 12:39:07,313 [INFO] DbMcusAds:125 - Set database path to: C:\Users\dzanic\.stmcufinder\plugins\mcufinder//mcu/
2024-01-15 12:39:07,313 [WARN] DbFile:41 - Overriding database path with different value: C:\Users\dzanic\.stmcufinder\plugins\mcufinder/ => C:\Users\dzanic\.stmcufinder\plugins\mcufinder
2024-01-15 12:39:07,313 [WARN] DbFile:41 - Overriding database path with different value: C:\Users\dzanic\.stmcufinder\plugins\mcufinder/ => C:\Users\dzanic\.stmcufinder\plugins\mcufinder
2024-01-15 12:39:07,313 [INFO] CrossReferenceDbSqlite:203 - Set database path to: C:\Users\dzanic\.stmcufinder\plugins\mcufinder//mcu/cs/
2024-01-15 12:39:07,332 [INFO] ApplicationProperties:184 - Using Application install path: C:\ST\STM32CubeIDE_1.13.2\STM32CubeIDE\plugins\com.st.stm32cube.common.mx_6.9.2.202309101412
2024-01-15 12:39:07,334 [INFO] PluginManage:196 - Search for loadable plugins [exclusion list=, ]
2024-01-15 12:39:07,335 [INFO] PluginManage:310 - Check plugin analytics
2024-01-15 12:39:07,466 [INFO] AnalyticsPlugin:253 - Accepted Software Licenses: 
2024-01-15 12:39:07,467 [INFO] AnalyticsPlugin:255 - Accepted CMSIS Pack Licenses: 
2024-01-15 12:39:07,467 [INFO] AnalyticsPlugin:257 - Accepted Firmware Licenses: 
2024-01-15 12:39:07,469 [INFO] PluginManage:359 - Loaded plugin analytics (category:tool,tabindex:-1)
2024-01-15 12:39:07,469 [INFO] PluginManage:310 - Check plugin cadmodel
2024-01-15 12:39:07,473 [INFO] CADModel:105 - Init CAD model plugin
2024-01-15 12:39:07,473 [INFO] PluginManage:359 - Loaded plugin cadmodel (category:power,tabindex:5)
2024-01-15 12:39:07,473 [INFO] PluginManage:310 - Check plugin clock
2024-01-15 12:39:07,481 [INFO] PluginManage:359 - Loaded plugin clock (category:base,tabindex:2)
2024-01-15 12:39:07,481 [INFO] PluginManage:310 - Check plugin ddr
2024-01-15 12:39:07,484 [INFO] PluginManage:359 - Loaded plugin ddr (category:tool,tabindex:6)
2024-01-15 12:39:07,484 [INFO] PluginManage:310 - Check plugin filemanager
2024-01-15 12:39:07,591 [INFO] PluginManage:359 - Loaded plugin filemanager (category:base,tabindex:10)
2024-01-15 12:39:07,591 [INFO] PluginManage:310 - Check plugin ipmanager
2024-01-15 12:39:07,598 [INFO] PluginManage:359 - Loaded plugin ipmanager (category:base,tabindex:5)
2024-01-15 12:39:07,599 [INFO] PluginManage:310 - Check plugin lpbam
2024-01-15 12:39:07,606 [INFO] PluginManage:359 - Loaded plugin lpbam (category:base,tabindex:0)
2024-01-15 12:39:07,606 [INFO] PluginManage:310 - Check plugin memorymap
2024-01-15 12:39:07,620 [INFO] PluginManage:359 - Loaded plugin memorymap (category:base,tabindex:4)
2024-01-15 12:39:07,620 [INFO] PluginManage:310 - Check plugin pinoutandconfiguration
2024-01-15 12:39:07,627 [INFO] PluginManage:359 - Loaded plugin pinoutandconfiguration (category:base,tabindex:1)
2024-01-15 12:39:07,627 [INFO] PluginManage:310 - Check plugin pinoutconfig
2024-01-15 12:39:07,710 [WARN] SupportedApi:132 - Cannot load RTOS API schema: s4s-elt-must-match.1: The content of 'definitions' must match (annotation?, (simpleType | complexType)?, (unique | key | keyref)*)). A problem was found starting at: attribute.
2024-01-15 12:39:07,894 [INFO] PluginManage:359 - Loaded plugin pinoutconfig (category:base,tabindex:0)
2024-01-15 12:39:07,895 [INFO] PluginManage:310 - Check plugin power
2024-01-15 12:39:07,902 [INFO] PluginManage:359 - Loaded plugin power (category:power,tabindex:4)
2024-01-15 12:39:07,902 [INFO] PluginManage:310 - Check plugin projectmanager
2024-01-15 12:39:07,914 [INFO] PluginManage:359 - Loaded plugin projectmanager (category:projectmanager,tabindex:3)
2024-01-15 12:39:07,914 [INFO] PluginManage:310 - Check plugin thirdparty
2024-01-15 12:39:08,026 [INFO] PluginManage:359 - Loaded plugin thirdparty (category:base,tabindex:-1)
2024-01-15 12:39:08,026 [WARN] IntegrityCheckThread:84 - waiting for thirdparty lock release [integrity check]
2024-01-15 12:39:08,026 [INFO] PluginManage:310 - Check plugin tools
2024-01-15 12:39:08,026 [INFO] IntegrityCheckThread:86 - entering critical section [integrity check]
2024-01-15 12:39:08,027 [INFO] ThirdPartyUpdaterWithRetryManager:70 - Updater plugin not ready yet. [1/15]
2024-01-15 12:39:08,028 [INFO] PluginManage:359 - Loaded plugin tools (category:base,tabindex:7)
2024-01-15 12:39:08,028 [INFO] PluginManage:310 - Check plugin tutovideos
2024-01-15 12:39:08,196 [INFO] PluginManage:359 - Loaded plugin tutovideos (category:base,tabindex:-1)
2024-01-15 12:39:08,196 [INFO] PluginManage:310 - Check plugin updater
2024-01-15 12:39:08,203 [INFO] PluginManage:359 - Loaded plugin updater (category:base,tabindex:12)
2024-01-15 12:39:08,204 [INFO] PluginManage:310 - Check plugin userauth
2024-01-15 12:39:08,208 [INFO] UserAuth:113 - Init User Auth plugin
2024-01-15 12:39:08,208 [INFO] PluginManage:359 - Loaded plugin userauth (category:base,tabindex:14)
2024-01-15 12:39:08,209 [INFO] PluginManage:283 - PluginManage : Loaded plugins [17]
2024-01-15 12:39:08,393 [INFO] PinOutPanel:1499 - setPackage(No Configuration,No Configuration)
2024-01-15 12:39:08,483 [INFO] CADModel:165 - CPN selected for project level
2024-01-15 12:39:08,484 [INFO] CADModel:114 - Register for checkConnection events
2024-01-15 12:39:08,498 [INFO] IPUIPlugin:80 - create IPUIPlugin
2024-01-15 12:39:08,498 [INFO] PluginManager:220 - loadIPPluginJar : add adc
2024-01-15 12:39:08,500 [INFO] IPUIPlugin:80 - create IPUIPlugin
2024-01-15 12:39:08,500 [INFO] PluginManager:220 - loadIPPluginJar : add aes
2024-01-15 12:39:08,501 [INFO] IPUIPlugin:80 - create IPUIPlugin
2024-01-15 12:39:08,502 [INFO] PluginManager:220 - loadIPPluginJar : add can
2024-01-15 12:39:08,503 [INFO] IPUIPlugin:80 - create IPUIPlugin
2024-01-15 12:39:08,503 [INFO] PluginManager:220 - loadIPPluginJar : add comp
2024-01-15 12:39:08,504 [INFO] IPUIPlugin:80 - create IPUIPlugin
2024-01-15 12:39:08,504 [INFO] PluginManager:220 - loadIPPluginJar : add cryp
2024-01-15 12:39:08,506 [INFO] IPUIPlugin:80 - create IPUIPlugin
2024-01-15 12:39:08,506 [INFO] PluginManager:220 - loadIPPluginJar : add dfsdm
2024-01-15 12:39:08,510 [INFO] IPUIPlugin:80 - create IPUIPlugin
2024-01-15 12:39:08,510 [INFO] PluginManager:220 - loadIPPluginJar : add dma
2024-01-15 12:39:08,511 [INFO] IPUIPlugin:80 - create IPUIPlugin
2024-01-15 12:39:08,512 [INFO] PluginManager:220 - loadIPPluginJar : add dma3
2024-01-15 12:39:08,512 [INFO] IPUIPlugin:80 - create IPUIPlugin
2024-01-15 12:39:08,513 [INFO] PluginManager:220 - loadIPPluginJar : add fatfs
2024-01-15 12:39:08,516 [INFO] IPUIPlugin:80 - create IPUIPlugin
2024-01-15 12:39:08,516 [INFO] PluginManager:220 - loadIPPluginJar : add fmc
2024-01-15 12:39:08,520 [INFO] IPUIPlugin:80 - create IPUIPlugin
2024-01-15 12:39:08,520 [INFO] PluginManager:220 - loadIPPluginJar : add freertos
2024-01-15 12:39:08,521 [INFO] IPUIPlugin:80 - create IPUIPlugin
2024-01-15 12:39:08,522 [INFO] PluginManager:220 - loadIPPluginJar : add genericplugin
2024-01-15 12:39:08,523 [INFO] IPUIPlugin:80 - create IPUIPlugin
2024-01-15 12:39:08,523 [INFO] PluginManager:220 - loadIPPluginJar : add gfxmmu
2024-01-15 12:39:08,527 [INFO] IPUIPlugin:80 - create IPUIPlugin
2024-01-15 12:39:08,527 [INFO] PluginManager:220 - loadIPPluginJar : add gic
2024-01-15 12:39:08,530 [INFO] IPUIPlugin:80 - create IPUIPlugin
2024-01-15 12:39:08,530 [INFO] PluginManager:220 - loadIPPluginJar : add gpio
2024-01-15 12:39:08,532 [INFO] IPUIPlugin:80 - create IPUIPlugin
2024-01-15 12:39:08,532 [INFO] PluginManager:220 - loadIPPluginJar : add gtzc
2024-01-15 12:39:08,534 [INFO] IPUIPlugin:80 - create IPUIPlugin
2024-01-15 12:39:08,534 [INFO] PluginManager:220 - loadIPPluginJar : add hash
2024-01-15 12:39:08,536 [INFO] IPUIPlugin:80 - create IPUIPlugin
2024-01-15 12:39:08,536 [INFO] PluginManager:220 - loadIPPluginJar : add i2c
2024-01-15 12:39:08,538 [INFO] IPUIPlugin:80 - create IPUIPlugin
2024-01-15 12:39:08,538 [INFO] PluginManager:220 - loadIPPluginJar : add i2s
2024-01-15 12:39:08,540 [INFO] IPUIPlugin:80 - create IPUIPlugin
2024-01-15 12:39:08,540 [INFO] PluginManager:220 - loadIPPluginJar : add i3c
2024-01-15 12:39:08,543 [INFO] IPUIPlugin:80 - create IPUIPlugin
2024-01-15 12:39:08,543 [INFO] PluginManager:220 - loadIPPluginJar : add ipddr
2024-01-15 12:39:08,549 [INFO] IPUIPlugin:80 - create IPUIPlugin
2024-01-15 12:39:08,549 [INFO] PluginManager:220 - loadIPPluginJar : add linkedlist
2024-01-15 12:39:08,551 [INFO] IPUIPlugin:80 - create IPUIPlugin
2024-01-15 12:39:08,551 [INFO] PluginManager:220 - loadIPPluginJar : add lorawan
2024-01-15 12:39:08,552 [INFO] IPUIPlugin:80 - create IPUIPlugin
2024-01-15 12:39:08,552 [INFO] PluginManager:220 - loadIPPluginJar : add ltdc
2024-01-15 12:39:08,556 [INFO] IPUIPlugin:80 - create IPUIPlugin
2024-01-15 12:39:08,556 [INFO] PluginManager:220 - loadIPPluginJar : add mdma
2024-01-15 12:39:08,559 [INFO] IPUIPlugin:80 - create IPUIPlugin
2024-01-15 12:39:08,559 [INFO] PluginManager:220 - loadIPPluginJar : add nvic
2024-01-15 12:39:08,561 [INFO] IPUIPlugin:80 - create IPUIPlugin
2024-01-15 12:39:08,561 [INFO] PluginManager:220 - loadIPPluginJar : add opamp
2024-01-15 12:39:08,563 [INFO] IPUIPlugin:80 - create IPUIPlugin
2024-01-15 12:39:08,564 [INFO] PluginManager:220 - loadIPPluginJar : add openamp
2024-01-15 12:39:08,566 [INFO] IPUIPlugin:80 - create IPUIPlugin
2024-01-15 12:39:08,566 [INFO] PluginManager:220 - loadIPPluginJar : add pdm2pcm
2024-01-15 12:39:08,572 [INFO] IPUIPlugin:80 - create IPUIPlugin
2024-01-15 12:39:08,574 [INFO] PluginManager:220 - loadIPPluginJar : add plateformsettings
2024-01-15 12:39:08,575 [INFO] IPUIPlugin:80 - create IPUIPlugin
2024-01-15 12:39:08,575 [INFO] PluginManager:220 - loadIPPluginJar : add quadspi
2024-01-15 12:39:08,577 [INFO] IPUIPlugin:80 - create IPUIPlugin
2024-01-15 12:39:08,577 [INFO] PluginManager:220 - loadIPPluginJar : add resmgrutility
2024-01-15 12:39:08,579 [INFO] IPUIPlugin:80 - create IPUIPlugin
2024-01-15 12:39:08,580 [INFO] PluginManager:220 - loadIPPluginJar : add sai
2024-01-15 12:39:08,581 [INFO] IPUIPlugin:80 - create IPUIPlugin
2024-01-15 12:39:08,581 [INFO] PluginManager:220 - loadIPPluginJar : add spi
2024-01-15 12:39:08,585 [INFO] IPUIPlugin:80 - create IPUIPlugin
2024-01-15 12:39:08,585 [INFO] PluginManager:220 - loadIPPluginJar : add stm32_wpan
2024-01-15 12:39:08,587 [INFO] IPUIPlugin:80 - create IPUIPlugin
2024-01-15 12:39:08,587 [INFO] PluginManager:220 - loadIPPluginJar : add tim
2024-01-15 12:39:08,590 [INFO] IPUIPlugin:80 - create IPUIPlugin
2024-01-15 12:39:08,590 [INFO] PluginManager:220 - loadIPPluginJar : add touchsensing
2024-01-15 12:39:08,592 [INFO] IPUIPlugin:80 - create IPUIPlugin
2024-01-15 12:39:08,592 [INFO] PluginManager:220 - loadIPPluginJar : add tracer_emb
2024-01-15 12:39:08,594 [INFO] IPUIPlugin:80 - create IPUIPlugin
2024-01-15 12:39:08,594 [INFO] PluginManager:220 - loadIPPluginJar : add ts
2024-01-15 12:39:08,596 [INFO] IPUIPlugin:80 - create IPUIPlugin
2024-01-15 12:39:08,596 [INFO] PluginManager:220 - loadIPPluginJar : add tsc
2024-01-15 12:39:08,598 [INFO] IPUIPlugin:80 - create IPUIPlugin
2024-01-15 12:39:08,598 [INFO] PluginManager:220 - loadIPPluginJar : add ucpd
2024-01-15 12:39:08,601 [INFO] IPUIPlugin:80 - create IPUIPlugin
2024-01-15 12:39:08,601 [INFO] PluginManager:220 - loadIPPluginJar : add usart
2024-01-15 12:39:08,604 [INFO] IPUIPlugin:80 - create IPUIPlugin
2024-01-15 12:39:08,604 [INFO] PluginManager:220 - loadIPPluginJar : add usbx
2024-01-15 12:39:08,720 [INFO] CADModel:165 - CPN selected for project level
2024-01-15 12:39:08,720 [INFO] CADModel:114 - Register for checkConnection events
2024-01-15 12:39:08,720 [FATAL] Updater:308 - Updater called before beeing initialized
2024-01-15 12:39:08,721 [ERROR] CADModel:125 - Updater not yet initialized, retry later 
2024-01-15 12:39:08,830 [INFO] CADModel:165 - CPN selected for project level
2024-01-15 12:39:08,830 [INFO] CADModel:114 - Register for checkConnection events
2024-01-15 12:39:08,830 [FATAL] Updater:308 - Updater called before beeing initialized
2024-01-15 12:39:08,830 [ERROR] CADModel:125 - Updater not yet initialized, retry later 
2024-01-15 12:39:08,834 [FATAL] Updater:308 - Updater called before beeing initialized
2024-01-15 12:39:08,920 [FATAL] Updater:308 - Updater called before beeing initialized
2024-01-15 12:39:08,932 [INFO] DbMcusAds:53 - JSON generation date=Wed Nov 29 11:52:27 CET 2023 (1701255147349)
2024-01-15 12:39:08,932 [FATAL] Updater:308 - Updater called before beeing initialized
2024-01-15 12:39:08,965 [WARN] DetailPanel:346 - Failed to get advertising image, set to default
2024-01-15 12:39:09,046 [FATAL] Updater:308 - Updater called before beeing initialized
2024-01-15 12:39:09,048 [FATAL] Updater:308 - Updater called before beeing initialized
2024-01-15 12:39:09,048 [FATAL] Updater:308 - Updater called before beeing initialized
2024-01-15 12:39:09,048 [WARN] DetailPanel:346 - Failed to get advertising image, set to default
2024-01-15 12:39:09,049 [FATAL] Updater:308 - Updater called before beeing initialized
2024-01-15 12:39:09,082 [ERROR] Updater:1120 - MainUpdater not yet initialized. External WinMGr cannot be set.
2024-01-15 12:39:09,084 [INFO] Updater:1056 - Updater Version found : 6.9.2
2024-01-15 12:39:09,102 [INFO] ApplicationProperties:184 - Using Application install path: C:\ST\STM32CubeIDE_1.13.2\STM32CubeIDE\plugins\com.st.stm32cube.common.mx_6.9.2.202309101412
2024-01-15 12:39:09,301 [INFO] MainUpdater:2868 - connection check result : 10
2024-01-15 12:39:09,302 [INFO] MainUpdater:285 - Updater Check For Update Now.
2024-01-15 12:39:09,302 [INFO] MicroXplorer:498 - Change Database Version : DB.6.0.92
2024-01-15 12:39:09,309 [INFO] McuFinderGlobals:63 - Set McuFinder mode to 2 (CubeIDE integrated)
2024-01-15 12:39:09,309 [INFO] UserAuth:179 - activating auth plugin
2024-01-15 12:39:09,312 [INFO] UserAuth:393 - Internet connection configuration mode: 1
2024-01-15 12:39:09,343 [INFO] JxBrowserEngine:151 - Initiate JxBrowser Engine with user profile folder
2024-01-15 12:39:09,498 [INFO] CheckServerUpdateThread:120 - End of CheckServer Thread
2024-01-15 12:39:11,173 [WARN] PackLoader:240 - Cannot read IP mode file for STMicroelectronics.X-CUBE-SMBUS.2.1.0
2024-01-15 12:39:11,345 [WARN] PackLoader:240 - Cannot read IP mode file for STMicroelectronics.X-CUBE-TOUCHGFX.4.23.0
2024-01-15 12:39:11,411 [WARN] PackLoader:240 - Cannot read IP mode file for STMicroelectronics.X-CUBE-AZRTOS-F7.1.1.0
2024-01-15 12:39:11,441 [WARN] PackLoader:240 - Cannot read IP mode file for STMicroelectronics.FP-SNS-MOTENV1.4.3.2
2024-01-15 12:39:11,457 [WARN] PackLoader:240 - Cannot read IP mode file for STMicroelectronics.FP-SNS-FLIGHT1.5.0.2
2024-01-15 12:39:11,476 [WARN] PackLoader:240 - Cannot read IP mode file for STMicroelectronics.X-CUBE-DISPLAY.3.0.0
2024-01-15 12:39:11,503 [WARN] PackLoader:240 - Cannot read IP mode file for STMicroelectronics.X-CUBE-BLE1.7.0.0
2024-01-15 12:39:11,518 [WARN] PackLoader:240 - Cannot read IP mode file for emotas.I-CUBE-CANOPEN.1.3.0
2024-01-15 12:39:11,530 [WARN] PackLoader:240 - Cannot read IP mode file for STMicroelectronics.X-CUBE-TOUCHGFX.4.22.1
2024-01-15 12:39:11,546 [WARN] PackLoader:240 - Cannot read IP mode file for STMicroelectronics.FP-SNS-SMARTAG2.1.2.0
2024-01-15 12:39:11,578 [INFO] LogOutputStream:77 - [STDOUT_REDIRECT] 1 : Invalid condition id : UX_CORESTACK_Condition cause : null
2024-01-15 12:39:11,578 [INFO] LogOutputStream:77 - [STDOUT_REDIRECT] 1 : Invalid condition id : UX_CORESTACK_Condition cause : null
2024-01-15 12:39:11,580 [INFO] LogOutputStream:77 - [STDOUT_REDIRECT] 1 : Invalid condition id : UX_CORESTACK_Condition cause : null
2024-01-15 12:39:11,581 [INFO] LogOutputStream:77 - [STDOUT_REDIRECT] 1 : Invalid condition id : UX_CORESTACK_Condition cause : null
2024-01-15 12:39:11,582 [INFO] LogOutputStream:77 - [STDOUT_REDIRECT] 1 : Invalid condition id : UX_CORESTACK_Condition cause : null
2024-01-15 12:39:11,586 [WARN] PackLoader:240 - Cannot read IP mode file for STMicroelectronics.X-CUBE-AZRTOS-WL.2.0.0
2024-01-15 12:39:11,604 [WARN] PackLoader:240 - Cannot read IP mode file for WES.I-CUBE-Cesium.1.3.0
2024-01-15 12:39:11,616 [WARN] PackLoader:240 - Cannot read IP mode file for STMicroelectronics.X-CUBE-BLE2.3.3.0
2024-01-15 12:39:11,629 [WARN] PackLoader:240 - Cannot read IP mode file for STMicroelectronics.X-CUBE-ALGOBUILD.1.3.0
2024-01-15 12:39:11,661 [WARN] PackLoader:240 - Cannot read IP mode file for STMicroelectronics.X-CUBE-AZRTOS-G0.1.1.0
2024-01-15 12:39:11,693 [WARN] PackLoader:240 - Cannot read IP mode file for STMicroelectronics.X-CUBE-NFC4.3.0.0
2024-01-15 12:39:11,726 [WARN] PackLoader:240 - Cannot read IP mode file for STMicroelectronics.X-CUBE-BLEMGR.3.0.0
2024-01-15 12:39:11,745 [WARN] PackLoader:240 - Cannot read IP mode file for STMicroelectronics.FP-ATR-SIGFOX1.3.2.0
2024-01-15 12:39:11,816 [WARN] PackLoader:240 - Cannot read IP mode file for SEGGER.I-CUBE-embOS.1.3.1
2024-01-15 12:39:11,864 [WARN] PackLoader:240 - Cannot read IP mode file for STMicroelectronics.X-CUBE-GNSS1.6.0.0
2024-01-15 12:39:11,919 [WARN] PackLoader:240 - Cannot read IP mode file for STMicroelectronics.X-CUBE-AZRTOS-F4.1.1.0
2024-01-15 12:39:11,947 [WARN] PackLoader:240 - Cannot read IP mode file for wolfSSL.I-CUBE-wolfSSL.5.6.3
2024-01-15 12:39:11,980 [WARN] PackLoader:240 - Cannot read IP mode file for STMicroelectronics.X-CUBE-AZRTOS-L5.2.0.0
2024-01-15 12:39:12,031 [WARN] PackLoader:240 - Cannot read IP mode file for STMicroelectronics.X-CUBE-MEMS1.9.6.0
2024-01-15 12:39:12,107 [INFO] WebApp:157 - Instantiating new browser for Auth
2024-01-15 12:39:12,189 [WARN] PackLoader:240 - Cannot read IP mode file for STMicroelectronics.X-CUBE-EEPRMA1.4.2.0
2024-01-15 12:39:12,209 [WARN] PackLoader:240 - Cannot read IP mode file for ITTIA_DB.I-CUBE-ITTIADB.8.8.0
2024-01-15 12:39:12,238 [WARN] PackLoader:240 - Cannot read IP mode file for STMicroelectronics.X-CUBE-BLEMGR.2.0.0
2024-01-15 12:39:12,280 [WARN] ConditionMgr:438 - getConditionDescription Invalid condition id : UX DEVICE CLASS RTOS Condition cause : null
2024-01-15 12:39:12,280 [WARN] ConditionMgr:438 - getConditionDescription Invalid condition id : UX DEVICE CLASS RTOS Condition cause : null
2024-01-15 12:39:12,283 [WARN] PackLoader:240 - Cannot read IP mode file for STMicroelectronics.X-CUBE-AZRTOS-H7.3.1.0
2024-01-15 12:39:12,284 [WARN] ConditionMgr:1039 - genDependencies : Invalid condition id : UX DEVICE CLASS RTOS Condition cause : null
2024-01-15 12:39:12,284 [WARN] ConditionMgr:1039 - genDependencies : Invalid condition id : UX DEVICE CLASS RTOS Condition cause : null
2024-01-15 12:39:12,285 [WARN] ConditionMgr:1039 - genDependencies : Invalid condition id : UX DEVICE CLASS RTOS Condition cause : null
2024-01-15 12:39:12,285 [WARN] ConditionMgr:1039 - genDependencies : Invalid condition id : UX DEVICE CLASS RTOS Condition cause : null
2024-01-15 12:39:12,285 [WARN] ConditionMgr:1039 - genDependencies : Invalid condition id : UX DEVICE CLASS RTOS Condition cause : null
2024-01-15 12:39:12,306 [WARN] PackLoader:240 - Cannot read IP mode file for STMicroelectronics.X-CUBE-NFC7.1.0.1
2024-01-15 12:39:12,326 [WARN] PackLoader:240 - Cannot read IP mode file for STMicroelectronics.X-CUBE-NFC6.3.0.0
2024-01-15 12:39:12,339 [WARN] PackLoader:240 - Cannot read IP mode file for STMicroelectronics.X-CUBE-EEPRMA1.4.1.0
2024-01-15 12:39:12,351 [WARN] PackLoader:240 - Cannot read IP mode file for STMicroelectronics.X-CUBE-AI.8.1.0
2024-01-15 12:39:12,384 [WARN] ConditionMgr:438 - getConditionDescription Invalid condition id : LAN8742 Phy interface Condition cause : null
2024-01-15 12:39:12,385 [WARN] PackLoader:240 - Cannot read IP mode file for STMicroelectronics.X-CUBE-AZRTOS-L4.2.0.0
2024-01-15 12:39:12,386 [WARN] ConditionMgr:1039 - genDependencies : Invalid condition id : LAN8742 Phy interface Condition cause : null
2024-01-15 12:39:12,387 [WARN] ConditionMgr:1039 - genDependencies : Invalid condition id : LAN8742 Phy interface Condition cause : null
2024-01-15 12:39:12,387 [WARN] ConditionMgr:1039 - genDependencies : Invalid condition id : LAN8742 Phy interface Condition cause : null
2024-01-15 12:39:12,404 [WARN] PackLoader:240 - Cannot read IP mode file for STMicroelectronics.X-CUBE-SFXS2LP1.4.0.0
2024-01-15 12:39:12,417 [WARN] PackLoader:240 - Cannot read IP mode file for STMicroelectronics.X-CUBE-ISPU.1.1.0
2024-01-15 12:39:12,441 [WARN] ConditionMgr:438 - getConditionDescription Invalid condition id : UX DEVICE CLASS RTOS Condition cause : null
2024-01-15 12:39:12,441 [WARN] ConditionMgr:438 - getConditionDescription Invalid condition id : UX DEVICE CLASS RTOS Condition cause : null
2024-01-15 12:39:12,442 [WARN] PackLoader:240 - Cannot read IP mode file for STMicroelectronics.X-CUBE-AZRTOS-WB.2.0.0
2024-01-15 12:39:12,443 [WARN] ConditionMgr:1039 - genDependencies : Invalid condition id : UX DEVICE CLASS RTOS Condition cause : null
2024-01-15 12:39:12,443 [WARN] ConditionMgr:1039 - genDependencies : Invalid condition id : UX DEVICE CLASS RTOS Condition cause : null
2024-01-15 12:39:12,443 [WARN] ConditionMgr:1039 - genDependencies : Invalid condition id : UX DEVICE CLASS RTOS Condition cause : null
2024-01-15 12:39:12,443 [WARN] ConditionMgr:1039 - genDependencies : Invalid condition id : UX DEVICE CLASS RTOS Condition cause : null
2024-01-15 12:39:12,443 [WARN] ConditionMgr:1039 - genDependencies : Invalid condition id : UX DEVICE CLASS RTOS Condition cause : null
2024-01-15 12:39:12,462 [WARN] PackLoader:240 - Cannot read IP mode file for STMicroelectronics.X-CUBE-SUBG2.5.0.0
2024-01-15 12:39:12,480 [WARN] PackLoader:240 - Cannot read IP mode file for STMicroelectronics.X-CUBE-TOF1.3.3.1
2024-01-15 12:39:12,516 [WARN] PackLoader:240 - Cannot read IP mode file for STMicroelectronics.X-CUBE-AZRTOS-G4.2.0.0
2024-01-15 12:39:12,552 [WARN] PackLoader:240 - Cannot read IP mode file for Infineon.AIROC-Wi-Fi-Bluetooth-STM32.1.5.1
2024-01-15 12:39:12,576 [WARN] PackLoader:240 - Cannot read IP mode file for STMicroelectronics.FP-SNS-MOTENVWB1.1.3.0
2024-01-15 12:39:12,581 [WARN] PackLoader:240 - Cannot read IP mode file for STMicroelectronics.FP-SNS-MOTENVWB1.1.3.1
2024-01-15 12:39:12,593 [WARN] PackLoader:240 - Cannot read IP mode file for STMicroelectronics.X-CUBE-ISPU.2.0.0
2024-01-15 12:39:12,634 [WARN] PackLoader:240 - Cannot read IP mode file for STMicroelectronics.X-CUBE-MEMS1.10.0.0
2024-01-15 12:39:12,752 [WARN] PackLoader:240 - Cannot read IP mode file for STMicroelectronics.X-CUBE-FREERTOS.1.1.0
2024-01-15 12:39:12,792 [WARN] PackLoader:240 - Cannot read IP mode file for portGmbH.I-Cube-SoM-uGOAL.1.1.0
2024-01-15 12:39:12,807 [WARN] PackLoader:240 - Cannot read IP mode file for STMicroelectronics.X-CUBE-ALS.1.0.1
2024-01-15 12:39:12,822 [WARN] PackLoader:240 - Cannot read IP mode file for STMicroelectronics.FP-ATR-ASTRA1.2.0.0
2024-01-15 12:39:12,843 [WARN] PackLoader:240 - Cannot read IP mode file for STMicroelectronics.X-CUBE-TOF1.3.4.0
2024-01-15 12:39:12,877 [WARN] PackLoader:240 - Cannot read IP mode file for STMicroelectronics.X-CUBE-AZRTOS-H7.3.2.0
2024-01-15 12:39:12,880 [INFO] ThirdParty:978 - Integrity check success = true
2024-01-15 12:39:12,880 [INFO] IntegrityCheckThread:100 - exiting critical section [integrity check]
2024-01-15 12:39:12,880 [INFO] IntegrityCheckThread:103 - End integrity checks thread
2024-01-15 12:39:12,988 [INFO] WebApp:753 - Register for checkConnection events
2024-01-15 12:39:12,988 [INFO] WebApp:390 - Apply proxy settings
2024-01-15 12:39:12,989 [INFO] WebApp:475 - Chromium requires no authentication
2024-01-15 12:39:12,999 [INFO] WebApp:418 - Direct internet connection detected
2024-01-15 12:39:13,215 [INFO] WebApp:188 - Starting web application
2024-01-15 12:39:13,215 [INFO] WebApp:520 - Web application path used C:\ST\STM32CubeIDE_1.13.2\STM32CubeIDE\plugins\com.st.stm32cube.common.mx_6.9.2.202309101412\db\plugins\mcufinder\reactClient1\index.html
2024-01-15 12:39:33,977 [ERROR] LogOutputStream:75 - [STDERR_REDIRECT] SLF4J: Failed to load class "org.slf4j.impl.StaticLoggerBinder".
2024-01-15 12:39:33,977 [ERROR] LogOutputStream:75 - [STDERR_REDIRECT] SLF4J: Defaulting to no-operation (NOP) logger implementation
2024-01-15 12:39:33,978 [ERROR] LogOutputStream:75 - [STDERR_REDIRECT] SLF4J: See http://www.slf4j.org/codes.html#StaticLoggerBinder for further details.
2024-01-15 12:42:21,925 [ERROR] LogOutputStream:75 - [STDERR_REDIRECT] 
2024-01-15 12:43:57,724 [INFO] Activator:176 - 


2024-01-15 12:43:57,726 [INFO] Activator:177 - !SESSION log4j initialized
2024-01-15 12:44:02,563 [INFO] LogOutputStream:77 - [STDOUT_REDIRECT] 
2024-01-15 12:44:03,802 [INFO] ApplicationProperties:184 - Using Application install path: C:\ST\STM32CubeIDE_1.13.2\STM32CubeIDE\plugins\com.st.stm32cube.common.mx_6.9.2.202309101412
2024-01-15 12:44:03,811 [INFO] DbMcusXml:78 - Set database path to: C:\ST\STM32CubeIDE_1.13.2\STM32CubeIDE\plugins\com.st.stm32cube.common.mx_6.9.2.202309101412\\db\/mcu/
2024-01-15 12:44:03,812 [INFO] ApiDb:274 - Set plugin database path to: C:\ST\STM32CubeIDE_1.13.2\STM32CubeIDE\plugins\com.st.stm32cube.common.mx_6.9.2.202309101412\\db\/plugins/boardmanager/
2024-01-15 12:44:03,812 [WARN] ApiDb:259 - Overriding images path with different value:  => C:\ST\STM32CubeIDE_1.13.2\STM32CubeIDE\plugins\com.st.stm32cube.common.mx_6.9.2.202309101412\\db\/plugins/mcufinder/images/
2024-01-15 12:44:03,820 [INFO] ApiDb:250 - Set database path to: C:\Users\dzanic\.stmcufinder\plugins\mcufinder//mcu/
2024-01-15 12:44:03,821 [INFO] DbMcusAds:125 - Set database path to: C:\Users\dzanic\.stmcufinder\plugins\mcufinder//mcu/
2024-01-15 12:44:03,823 [INFO] CrossReferenceDbSqlite:203 - Set database path to: C:\Users\dzanic\.stmcufinder\plugins\mcufinder//mcu/cs/
2024-01-15 12:44:03,898 [INFO] DbMcusXml:78 - Set database path to: C:\ST\STM32CubeIDE_1.13.2\STM32CubeIDE\plugins\com.st.stm32cube.common.mx_6.9.2.202309101412\\db\/mcu/
2024-01-15 12:44:03,898 [INFO] ApiDb:274 - Set plugin database path to: C:\ST\STM32CubeIDE_1.13.2\STM32CubeIDE\plugins\com.st.stm32cube.common.mx_6.9.2.202309101412\\db\/plugins/boardmanager/
2024-01-15 12:44:03,899 [INFO] ApiDb:261 - Set plugin images path to: C:\ST\STM32CubeIDE_1.13.2\STM32CubeIDE\plugins\com.st.stm32cube.common.mx_6.9.2.202309101412\\db\/plugins/mcufinder/images/
2024-01-15 12:44:03,899 [WARN] DbFile:41 - Overriding database path with different value: C:\Users\dzanic\.stmcufinder\plugins\mcufinder/ => C:\Users\dzanic\.stmcufinder\plugins\mcufinder
2024-01-15 12:44:03,899 [INFO] ApiDb:250 - Set database path to: C:\Users\dzanic\.stmcufinder\plugins\mcufinder//mcu/
2024-01-15 12:44:03,899 [WARN] DbFile:41 - Overriding database path with different value: C:\Users\dzanic\.stmcufinder\plugins\mcufinder/ => C:\Users\dzanic\.stmcufinder\plugins\mcufinder
2024-01-15 12:44:03,899 [INFO] DbMcusAds:125 - Set database path to: C:\Users\dzanic\.stmcufinder\plugins\mcufinder//mcu/
2024-01-15 12:44:03,899 [WARN] DbFile:41 - Overriding database path with different value: C:\Users\dzanic\.stmcufinder\plugins\mcufinder/ => C:\Users\dzanic\.stmcufinder\plugins\mcufinder
2024-01-15 12:44:03,899 [WARN] DbFile:41 - Overriding database path with different value: C:\Users\dzanic\.stmcufinder\plugins\mcufinder/ => C:\Users\dzanic\.stmcufinder\plugins\mcufinder
2024-01-15 12:44:03,899 [INFO] CrossReferenceDbSqlite:203 - Set database path to: C:\Users\dzanic\.stmcufinder\plugins\mcufinder//mcu/cs/
2024-01-15 12:44:03,962 [INFO] MainPanel:262 - HeapMemory: 268435456
2024-01-15 12:44:04,038 [INFO] DbMcusXml:78 - Set database path to: C:\ST\STM32CubeIDE_1.13.2\STM32CubeIDE\plugins\com.st.stm32cube.common.mx_6.9.2.202309101412\\db\/mcu/
2024-01-15 12:44:04,038 [INFO] ApiDb:274 - Set plugin database path to: C:\ST\STM32CubeIDE_1.13.2\STM32CubeIDE\plugins\com.st.stm32cube.common.mx_6.9.2.202309101412\\db\/plugins/boardmanager/
2024-01-15 12:44:04,039 [INFO] ApiDb:261 - Set plugin images path to: C:\ST\STM32CubeIDE_1.13.2\STM32CubeIDE\plugins\com.st.stm32cube.common.mx_6.9.2.202309101412\\db\/plugins/mcufinder/images/
2024-01-15 12:44:04,039 [WARN] DbFile:41 - Overriding database path with different value: C:\Users\dzanic\.stmcufinder\plugins\mcufinder/ => C:\Users\dzanic\.stmcufinder\plugins\mcufinder
2024-01-15 12:44:04,039 [INFO] ApiDb:250 - Set database path to: C:\Users\dzanic\.stmcufinder\plugins\mcufinder//mcu/
2024-01-15 12:44:04,039 [WARN] DbFile:41 - Overriding database path with different value: C:\Users\dzanic\.stmcufinder\plugins\mcufinder/ => C:\Users\dzanic\.stmcufinder\plugins\mcufinder
2024-01-15 12:44:04,039 [INFO] DbMcusAds:125 - Set database path to: C:\Users\dzanic\.stmcufinder\plugins\mcufinder//mcu/
2024-01-15 12:44:04,039 [WARN] DbFile:41 - Overriding database path with different value: C:\Users\dzanic\.stmcufinder\plugins\mcufinder/ => C:\Users\dzanic\.stmcufinder\plugins\mcufinder
2024-01-15 12:44:04,039 [WARN] DbFile:41 - Overriding database path with different value: C:\Users\dzanic\.stmcufinder\plugins\mcufinder/ => C:\Users\dzanic\.stmcufinder\plugins\mcufinder
2024-01-15 12:44:04,040 [INFO] CrossReferenceDbSqlite:203 - Set database path to: C:\Users\dzanic\.stmcufinder\plugins\mcufinder//mcu/cs/
2024-01-15 12:44:04,055 [INFO] ApplicationProperties:184 - Using Application install path: C:\ST\STM32CubeIDE_1.13.2\STM32CubeIDE\plugins\com.st.stm32cube.common.mx_6.9.2.202309101412
2024-01-15 12:44:04,056 [INFO] PluginManage:196 - Search for loadable plugins [exclusion list=, ]
2024-01-15 12:44:04,058 [INFO] PluginManage:310 - Check plugin analytics
2024-01-15 12:44:04,196 [INFO] AnalyticsPlugin:253 - Accepted Software Licenses: 
2024-01-15 12:44:04,197 [INFO] AnalyticsPlugin:255 - Accepted CMSIS Pack Licenses: 
2024-01-15 12:44:04,197 [INFO] AnalyticsPlugin:257 - Accepted Firmware Licenses: 
2024-01-15 12:44:04,199 [INFO] PluginManage:359 - Loaded plugin analytics (category:tool,tabindex:-1)
2024-01-15 12:44:04,200 [INFO] PluginManage:310 - Check plugin cadmodel
2024-01-15 12:44:04,203 [INFO] CADModel:105 - Init CAD model plugin
2024-01-15 12:44:04,203 [INFO] PluginManage:359 - Loaded plugin cadmodel (category:power,tabindex:5)
2024-01-15 12:44:04,204 [INFO] PluginManage:310 - Check plugin clock
2024-01-15 12:44:04,211 [INFO] PluginManage:359 - Loaded plugin clock (category:base,tabindex:2)
2024-01-15 12:44:04,212 [INFO] PluginManage:310 - Check plugin ddr
2024-01-15 12:44:04,214 [INFO] PluginManage:359 - Loaded plugin ddr (category:tool,tabindex:6)
2024-01-15 12:44:04,215 [INFO] PluginManage:310 - Check plugin filemanager
2024-01-15 12:44:04,330 [INFO] PluginManage:359 - Loaded plugin filemanager (category:base,tabindex:10)
2024-01-15 12:44:04,330 [INFO] PluginManage:310 - Check plugin ipmanager
2024-01-15 12:44:04,336 [INFO] PluginManage:359 - Loaded plugin ipmanager (category:base,tabindex:5)
2024-01-15 12:44:04,336 [INFO] PluginManage:310 - Check plugin lpbam
2024-01-15 12:44:04,343 [INFO] PluginManage:359 - Loaded plugin lpbam (category:base,tabindex:0)
2024-01-15 12:44:04,343 [INFO] PluginManage:310 - Check plugin memorymap
2024-01-15 12:44:04,355 [INFO] PluginManage:359 - Loaded plugin memorymap (category:base,tabindex:4)
2024-01-15 12:44:04,355 [INFO] PluginManage:310 - Check plugin pinoutandconfiguration
2024-01-15 12:44:04,360 [INFO] PluginManage:359 - Loaded plugin pinoutandconfiguration (category:base,tabindex:1)
2024-01-15 12:44:04,360 [INFO] PluginManage:310 - Check plugin pinoutconfig
2024-01-15 12:44:04,428 [WARN] SupportedApi:132 - Cannot load RTOS API schema: s4s-elt-must-match.1: The content of 'definitions' must match (annotation?, (simpleType | complexType)?, (unique | key | keyref)*)). A problem was found starting at: attribute.
2024-01-15 12:44:04,557 [INFO] PluginManage:359 - Loaded plugin pinoutconfig (category:base,tabindex:0)
2024-01-15 12:44:04,557 [INFO] PluginManage:310 - Check plugin power
2024-01-15 12:44:04,584 [INFO] PluginManage:359 - Loaded plugin power (category:power,tabindex:4)
2024-01-15 12:44:04,584 [INFO] PluginManage:310 - Check plugin projectmanager
2024-01-15 12:44:04,598 [INFO] PluginManage:359 - Loaded plugin projectmanager (category:projectmanager,tabindex:3)
2024-01-15 12:44:04,598 [INFO] PluginManage:310 - Check plugin thirdparty
2024-01-15 12:44:04,703 [INFO] PluginManage:359 - Loaded plugin thirdparty (category:base,tabindex:-1)
2024-01-15 12:44:04,703 [WARN] IntegrityCheckThread:84 - waiting for thirdparty lock release [integrity check]
2024-01-15 12:44:04,703 [INFO] PluginManage:310 - Check plugin tools
2024-01-15 12:44:04,703 [INFO] IntegrityCheckThread:86 - entering critical section [integrity check]
2024-01-15 12:44:04,703 [INFO] ThirdPartyUpdaterWithRetryManager:70 - Updater plugin not ready yet. [1/15]
2024-01-15 12:44:04,705 [INFO] PluginManage:359 - Loaded plugin tools (category:base,tabindex:7)
2024-01-15 12:44:04,705 [INFO] PluginManage:310 - Check plugin tutovideos
2024-01-15 12:44:04,859 [INFO] PluginManage:359 - Loaded plugin tutovideos (category:base,tabindex:-1)
2024-01-15 12:44:04,859 [INFO] PluginManage:310 - Check plugin updater
2024-01-15 12:44:04,867 [INFO] PluginManage:359 - Loaded plugin updater (category:base,tabindex:12)
2024-01-15 12:44:04,867 [INFO] PluginManage:310 - Check plugin userauth
2024-01-15 12:44:04,871 [INFO] UserAuth:113 - Init User Auth plugin
2024-01-15 12:44:04,872 [INFO] PluginManage:359 - Loaded plugin userauth (category:base,tabindex:14)
2024-01-15 12:44:04,872 [INFO] PluginManage:283 - PluginManage : Loaded plugins [17]
2024-01-15 12:44:05,075 [INFO] PinOutPanel:1499 - setPackage(No Configuration,No Configuration)
2024-01-15 12:44:05,163 [INFO] CADModel:165 - CPN selected for project level
2024-01-15 12:44:05,163 [INFO] CADModel:114 - Register for checkConnection events
2024-01-15 12:44:05,177 [INFO] IPUIPlugin:80 - create IPUIPlugin
2024-01-15 12:44:05,177 [INFO] PluginManager:220 - loadIPPluginJar : add adc
2024-01-15 12:44:05,179 [INFO] IPUIPlugin:80 - create IPUIPlugin
2024-01-15 12:44:05,179 [INFO] PluginManager:220 - loadIPPluginJar : add aes
2024-01-15 12:44:05,182 [INFO] IPUIPlugin:80 - create IPUIPlugin
2024-01-15 12:44:05,182 [INFO] PluginManager:220 - loadIPPluginJar : add can
2024-01-15 12:44:05,183 [INFO] IPUIPlugin:80 - create IPUIPlugin
2024-01-15 12:44:05,183 [INFO] PluginManager:220 - loadIPPluginJar : add comp
2024-01-15 12:44:05,185 [INFO] IPUIPlugin:80 - create IPUIPlugin
2024-01-15 12:44:05,186 [INFO] PluginManager:220 - loadIPPluginJar : add cryp
2024-01-15 12:44:05,188 [INFO] IPUIPlugin:80 - create IPUIPlugin
2024-01-15 12:44:05,188 [INFO] PluginManager:220 - loadIPPluginJar : add dfsdm
2024-01-15 12:44:05,193 [INFO] IPUIPlugin:80 - create IPUIPlugin
2024-01-15 12:44:05,194 [INFO] PluginManager:220 - loadIPPluginJar : add dma
2024-01-15 12:44:05,196 [INFO] IPUIPlugin:80 - create IPUIPlugin
2024-01-15 12:44:05,196 [INFO] PluginManager:220 - loadIPPluginJar : add dma3
2024-01-15 12:44:05,198 [INFO] IPUIPlugin:80 - create IPUIPlugin
2024-01-15 12:44:05,198 [INFO] PluginManager:220 - loadIPPluginJar : add fatfs
2024-01-15 12:44:05,201 [INFO] IPUIPlugin:80 - create IPUIPlugin
2024-01-15 12:44:05,201 [INFO] PluginManager:220 - loadIPPluginJar : add fmc
2024-01-15 12:44:05,205 [INFO] IPUIPlugin:80 - create IPUIPlugin
2024-01-15 12:44:05,205 [INFO] PluginManager:220 - loadIPPluginJar : add freertos
2024-01-15 12:44:05,207 [INFO] IPUIPlugin:80 - create IPUIPlugin
2024-01-15 12:44:05,207 [INFO] PluginManager:220 - loadIPPluginJar : add genericplugin
2024-01-15 12:44:05,209 [INFO] IPUIPlugin:80 - create IPUIPlugin
2024-01-15 12:44:05,209 [INFO] PluginManager:220 - loadIPPluginJar : add gfxmmu
2024-01-15 12:44:05,214 [INFO] IPUIPlugin:80 - create IPUIPlugin
2024-01-15 12:44:05,214 [INFO] PluginManager:220 - loadIPPluginJar : add gic
2024-01-15 12:44:05,218 [INFO] IPUIPlugin:80 - create IPUIPlugin
2024-01-15 12:44:05,218 [INFO] PluginManager:220 - loadIPPluginJar : add gpio
2024-01-15 12:44:05,220 [INFO] IPUIPlugin:80 - create IPUIPlugin
2024-01-15 12:44:05,221 [INFO] PluginManager:220 - loadIPPluginJar : add gtzc
2024-01-15 12:44:05,223 [INFO] IPUIPlugin:80 - create IPUIPlugin
2024-01-15 12:44:05,223 [INFO] PluginManager:220 - loadIPPluginJar : add hash
2024-01-15 12:44:05,226 [INFO] IPUIPlugin:80 - create IPUIPlugin
2024-01-15 12:44:05,226 [INFO] PluginManager:220 - loadIPPluginJar : add i2c
2024-01-15 12:44:05,228 [INFO] IPUIPlugin:80 - create IPUIPlugin
2024-01-15 12:44:05,228 [INFO] PluginManager:220 - loadIPPluginJar : add i2s
2024-01-15 12:44:05,231 [INFO] IPUIPlugin:80 - create IPUIPlugin
2024-01-15 12:44:05,231 [INFO] PluginManager:220 - loadIPPluginJar : add i3c
2024-01-15 12:44:05,234 [INFO] IPUIPlugin:80 - create IPUIPlugin
2024-01-15 12:44:05,234 [INFO] PluginManager:220 - loadIPPluginJar : add ipddr
2024-01-15 12:44:05,240 [INFO] IPUIPlugin:80 - create IPUIPlugin
2024-01-15 12:44:05,241 [INFO] PluginManager:220 - loadIPPluginJar : add linkedlist
2024-01-15 12:44:05,243 [INFO] IPUIPlugin:80 - create IPUIPlugin
2024-01-15 12:44:05,243 [INFO] PluginManager:220 - loadIPPluginJar : add lorawan
2024-01-15 12:44:05,244 [INFO] IPUIPlugin:80 - create IPUIPlugin
2024-01-15 12:44:05,244 [INFO] PluginManager:220 - loadIPPluginJar : add ltdc
2024-01-15 12:44:05,250 [INFO] IPUIPlugin:80 - create IPUIPlugin
2024-01-15 12:44:05,250 [INFO] PluginManager:220 - loadIPPluginJar : add mdma
2024-01-15 12:44:05,253 [INFO] IPUIPlugin:80 - create IPUIPlugin
2024-01-15 12:44:05,253 [INFO] PluginManager:220 - loadIPPluginJar : add nvic
2024-01-15 12:44:05,256 [INFO] IPUIPlugin:80 - create IPUIPlugin
2024-01-15 12:44:05,256 [INFO] PluginManager:220 - loadIPPluginJar : add opamp
2024-01-15 12:44:05,259 [INFO] IPUIPlugin:80 - create IPUIPlugin
2024-01-15 12:44:05,259 [INFO] PluginManager:220 - loadIPPluginJar : add openamp
2024-01-15 12:44:05,262 [INFO] IPUIPlugin:80 - create IPUIPlugin
2024-01-15 12:44:05,263 [INFO] PluginManager:220 - loadIPPluginJar : add pdm2pcm
2024-01-15 12:44:05,268 [INFO] IPUIPlugin:80 - create IPUIPlugin
2024-01-15 12:44:05,271 [INFO] PluginManager:220 - loadIPPluginJar : add plateformsettings
2024-01-15 12:44:05,272 [INFO] IPUIPlugin:80 - create IPUIPlugin
2024-01-15 12:44:05,273 [INFO] PluginManager:220 - loadIPPluginJar : add quadspi
2024-01-15 12:44:05,275 [INFO] IPUIPlugin:80 - create IPUIPlugin
2024-01-15 12:44:05,275 [INFO] PluginManager:220 - loadIPPluginJar : add resmgrutility
2024-01-15 12:44:05,278 [INFO] IPUIPlugin:80 - create IPUIPlugin
2024-01-15 12:44:05,278 [INFO] PluginManager:220 - loadIPPluginJar : add sai
2024-01-15 12:44:05,280 [INFO] IPUIPlugin:80 - create IPUIPlugin
2024-01-15 12:44:05,280 [INFO] PluginManager:220 - loadIPPluginJar : add spi
2024-01-15 12:44:05,285 [INFO] IPUIPlugin:80 - create IPUIPlugin
2024-01-15 12:44:05,285 [INFO] PluginManager:220 - loadIPPluginJar : add stm32_wpan
2024-01-15 12:44:05,287 [INFO] IPUIPlugin:80 - create IPUIPlugin
2024-01-15 12:44:05,287 [INFO] PluginManager:220 - loadIPPluginJar : add tim
2024-01-15 12:44:05,290 [INFO] IPUIPlugin:80 - create IPUIPlugin
2024-01-15 12:44:05,290 [INFO] PluginManager:220 - loadIPPluginJar : add touchsensing
2024-01-15 12:44:05,291 [INFO] IPUIPlugin:80 - create IPUIPlugin
2024-01-15 12:44:05,292 [INFO] PluginManager:220 - loadIPPluginJar : add tracer_emb
2024-01-15 12:44:05,293 [INFO] IPUIPlugin:80 - create IPUIPlugin
2024-01-15 12:44:05,293 [INFO] PluginManager:220 - loadIPPluginJar : add ts
2024-01-15 12:44:05,295 [INFO] IPUIPlugin:80 - create IPUIPlugin
2024-01-15 12:44:05,295 [INFO] PluginManager:220 - loadIPPluginJar : add tsc
2024-01-15 12:44:05,297 [INFO] IPUIPlugin:80 - create IPUIPlugin
2024-01-15 12:44:05,297 [INFO] PluginManager:220 - loadIPPluginJar : add ucpd
2024-01-15 12:44:05,300 [INFO] IPUIPlugin:80 - create IPUIPlugin
2024-01-15 12:44:05,300 [INFO] PluginManager:220 - loadIPPluginJar : add usart
2024-01-15 12:44:05,303 [INFO] IPUIPlugin:80 - create IPUIPlugin
2024-01-15 12:44:05,303 [INFO] PluginManager:220 - loadIPPluginJar : add usbx
2024-01-15 12:44:05,437 [INFO] CADModel:165 - CPN selected for project level
2024-01-15 12:44:05,437 [INFO] CADModel:114 - Register for checkConnection events
2024-01-15 12:44:05,437 [FATAL] Updater:308 - Updater called before beeing initialized
2024-01-15 12:44:05,438 [ERROR] CADModel:125 - Updater not yet initialized, retry later 
2024-01-15 12:44:05,600 [INFO] CADModel:165 - CPN selected for project level
2024-01-15 12:44:05,600 [INFO] CADModel:114 - Register for checkConnection events
2024-01-15 12:44:05,600 [FATAL] Updater:308 - Updater called before beeing initialized
2024-01-15 12:44:05,600 [ERROR] CADModel:125 - Updater not yet initialized, retry later 
2024-01-15 12:44:05,607 [FATAL] Updater:308 - Updater called before beeing initialized
2024-01-15 12:44:05,704 [FATAL] Updater:308 - Updater called before beeing initialized
2024-01-15 12:44:05,710 [INFO] DbMcusAds:53 - JSON generation date=Wed Nov 29 11:52:27 CET 2023 (1701255147349)
2024-01-15 12:44:05,710 [FATAL] Updater:308 - Updater called before beeing initialized
2024-01-15 12:44:05,774 [WARN] DetailPanel:346 - Failed to get advertising image, set to default
2024-01-15 12:44:05,858 [FATAL] Updater:308 - Updater called before beeing initialized
2024-01-15 12:44:05,859 [FATAL] Updater:308 - Updater called before beeing initialized
2024-01-15 12:44:05,860 [FATAL] Updater:308 - Updater called before beeing initialized
2024-01-15 12:44:05,860 [WARN] DetailPanel:346 - Failed to get advertising image, set to default
2024-01-15 12:44:05,860 [FATAL] Updater:308 - Updater called before beeing initialized
2024-01-15 12:44:05,895 [ERROR] Updater:1120 - MainUpdater not yet initialized. External WinMGr cannot be set.
2024-01-15 12:44:05,897 [INFO] Updater:1056 - Updater Version found : 6.9.2
2024-01-15 12:44:05,910 [INFO] ApplicationProperties:184 - Using Application install path: C:\ST\STM32CubeIDE_1.13.2\STM32CubeIDE\plugins\com.st.stm32cube.common.mx_6.9.2.202309101412
2024-01-15 12:44:06,085 [INFO] MainUpdater:2868 - connection check result : 10
2024-01-15 12:44:06,086 [INFO] MainUpdater:285 - Updater Check For Update Now.
2024-01-15 12:44:06,086 [INFO] MicroXplorer:498 - Change Database Version : DB.6.0.92
2024-01-15 12:44:06,091 [INFO] McuFinderGlobals:63 - Set McuFinder mode to 2 (CubeIDE integrated)
2024-01-15 12:44:06,092 [INFO] UserAuth:179 - activating auth plugin
2024-01-15 12:44:06,094 [INFO] UserAuth:393 - Internet connection configuration mode: 1
2024-01-15 12:44:06,117 [INFO] JxBrowserEngine:151 - Initiate JxBrowser Engine with user profile folder
2024-01-15 12:44:06,251 [INFO] CheckServerUpdateThread:120 - End of CheckServer Thread
2024-01-15 12:44:06,908 [INFO] WebApp:157 - Instantiating new browser for Auth
2024-01-15 12:44:07,484 [INFO] WebApp:753 - Register for checkConnection events
2024-01-15 12:44:07,484 [INFO] WebApp:390 - Apply proxy settings
2024-01-15 12:44:07,484 [INFO] WebApp:475 - Chromium requires no authentication
2024-01-15 12:44:07,492 [INFO] WebApp:418 - Direct internet connection detected
2024-01-15 12:44:07,638 [INFO] WebApp:188 - Starting web application
2024-01-15 12:44:07,639 [INFO] WebApp:520 - Web application path used C:\ST\STM32CubeIDE_1.13.2\STM32CubeIDE\plugins\com.st.stm32cube.common.mx_6.9.2.202309101412\db\plugins\mcufinder\reactClient1\index.html
2024-01-15 12:44:07,895 [WARN] PackLoader:240 - Cannot read IP mode file for STMicroelectronics.X-CUBE-SMBUS.2.1.0
2024-01-15 12:44:07,904 [WARN] PackLoader:240 - Cannot read IP mode file for STMicroelectronics.X-CUBE-TOUCHGFX.4.23.0
2024-01-15 12:44:07,931 [WARN] PackLoader:240 - Cannot read IP mode file for STMicroelectronics.X-CUBE-AZRTOS-F7.1.1.0
2024-01-15 12:44:07,941 [WARN] PackLoader:240 - Cannot read IP mode file for STMicroelectronics.FP-SNS-MOTENV1.4.3.2
2024-01-15 12:44:07,953 [WARN] PackLoader:240 - Cannot read IP mode file for STMicroelectronics.FP-SNS-FLIGHT1.5.0.2
2024-01-15 12:44:07,961 [WARN] PackLoader:240 - Cannot read IP mode file for STMicroelectronics.X-CUBE-DISPLAY.3.0.0
2024-01-15 12:44:07,973 [WARN] PackLoader:240 - Cannot read IP mode file for STMicroelectronics.X-CUBE-BLE1.7.0.0
2024-01-15 12:44:07,979 [WARN] PackLoader:240 - Cannot read IP mode file for emotas.I-CUBE-CANOPEN.1.3.0
2024-01-15 12:44:07,983 [WARN] PackLoader:240 - Cannot read IP mode file for STMicroelectronics.X-CUBE-TOUCHGFX.4.22.1
2024-01-15 12:44:07,988 [WARN] PackLoader:240 - Cannot read IP mode file for STMicroelectronics.FP-SNS-SMARTAG2.1.2.0
2024-01-15 12:44:08,001 [INFO] LogOutputStream:77 - [STDOUT_REDIRECT] 1 : Invalid condition id : UX_CORESTACK_Condition cause : null
2024-01-15 12:44:08,002 [INFO] LogOutputStream:77 - [STDOUT_REDIRECT] 1 : Invalid condition id : UX_CORESTACK_Condition cause : null
2024-01-15 12:44:08,003 [INFO] LogOutputStream:77 - [STDOUT_REDIRECT] 1 : Invalid condition id : UX_CORESTACK_Condition cause : null
2024-01-15 12:44:08,004 [INFO] LogOutputStream:77 - [STDOUT_REDIRECT] 1 : Invalid condition id : UX_CORESTACK_Condition cause : null
2024-01-15 12:44:08,005 [INFO] LogOutputStream:77 - [STDOUT_REDIRECT] 1 : Invalid condition id : UX_CORESTACK_Condition cause : null
2024-01-15 12:44:08,010 [WARN] PackLoader:240 - Cannot read IP mode file for STMicroelectronics.X-CUBE-AZRTOS-WL.2.0.0
2024-01-15 12:44:08,021 [WARN] PackLoader:240 - Cannot read IP mode file for WES.I-CUBE-Cesium.1.3.0
2024-01-15 12:44:08,033 [WARN] PackLoader:240 - Cannot read IP mode file for STMicroelectronics.X-CUBE-BLE2.3.3.0
2024-01-15 12:44:08,043 [WARN] PackLoader:240 - Cannot read IP mode file for STMicroelectronics.X-CUBE-ALGOBUILD.1.3.0
2024-01-15 12:44:08,082 [WARN] PackLoader:240 - Cannot read IP mode file for STMicroelectronics.X-CUBE-AZRTOS-G0.1.1.0
2024-01-15 12:44:08,095 [WARN] PackLoader:240 - Cannot read IP mode file for STMicroelectronics.X-CUBE-NFC4.3.0.0
2024-01-15 12:44:08,110 [WARN] PackLoader:240 - Cannot read IP mode file for STMicroelectronics.X-CUBE-BLEMGR.3.0.0
2024-01-15 12:44:08,120 [WARN] PackLoader:240 - Cannot read IP mode file for STMicroelectronics.FP-ATR-SIGFOX1.3.2.0
2024-01-15 12:44:08,160 [WARN] PackLoader:240 - Cannot read IP mode file for SEGGER.I-CUBE-embOS.1.3.1
2024-01-15 12:44:08,202 [WARN] PackLoader:240 - Cannot read IP mode file for STMicroelectronics.X-CUBE-GNSS1.6.0.0
2024-01-15 12:44:08,244 [WARN] PackLoader:240 - Cannot read IP mode file for STMicroelectronics.X-CUBE-AZRTOS-F4.1.1.0
2024-01-15 12:44:08,258 [WARN] PackLoader:240 - Cannot read IP mode file for wolfSSL.I-CUBE-wolfSSL.5.6.3
2024-01-15 12:44:08,286 [WARN] PackLoader:240 - Cannot read IP mode file for STMicroelectronics.X-CUBE-AZRTOS-L5.2.0.0
2024-01-15 12:44:08,378 [WARN] PackLoader:240 - Cannot read IP mode file for STMicroelectronics.X-CUBE-MEMS1.9.6.0
2024-01-15 12:44:08,517 [WARN] PackLoader:240 - Cannot read IP mode file for STMicroelectronics.X-CUBE-EEPRMA1.4.2.0
2024-01-15 12:44:08,527 [WARN] PackLoader:240 - Cannot read IP mode file for ITTIA_DB.I-CUBE-ITTIADB.8.8.0
2024-01-15 12:44:08,552 [WARN] PackLoader:240 - Cannot read IP mode file for STMicroelectronics.X-CUBE-BLEMGR.2.0.0
2024-01-15 12:44:08,591 [WARN] ConditionMgr:438 - getConditionDescription Invalid condition id : UX DEVICE CLASS RTOS Condition cause : null
2024-01-15 12:44:08,591 [WARN] ConditionMgr:438 - getConditionDescription Invalid condition id : UX DEVICE CLASS RTOS Condition cause : null
2024-01-15 12:44:08,595 [WARN] PackLoader:240 - Cannot read IP mode file for STMicroelectronics.X-CUBE-AZRTOS-H7.3.1.0
2024-01-15 12:44:08,596 [WARN] ConditionMgr:1039 - genDependencies : Invalid condition id : UX DEVICE CLASS RTOS Condition cause : null
2024-01-15 12:44:08,596 [WARN] ConditionMgr:1039 - genDependencies : Invalid condition id : UX DEVICE CLASS RTOS Condition cause : null
2024-01-15 12:44:08,597 [WARN] ConditionMgr:1039 - genDependencies : Invalid condition id : UX DEVICE CLASS RTOS Condition cause : null
2024-01-15 12:44:08,597 [WARN] ConditionMgr:1039 - genDependencies : Invalid condition id : UX DEVICE CLASS RTOS Condition cause : null
2024-01-15 12:44:08,597 [WARN] ConditionMgr:1039 - genDependencies : Invalid condition id : UX DEVICE CLASS RTOS Condition cause : null
2024-01-15 12:44:08,633 [WARN] PackLoader:240 - Cannot read IP mode file for STMicroelectronics.X-CUBE-NFC7.1.0.1
2024-01-15 12:44:08,642 [WARN] PackLoader:240 - Cannot read IP mode file for STMicroelectronics.X-CUBE-NFC6.3.0.0
2024-01-15 12:44:08,653 [WARN] PackLoader:240 - Cannot read IP mode file for STMicroelectronics.X-CUBE-EEPRMA1.4.1.0
2024-01-15 12:44:08,671 [WARN] PackLoader:240 - Cannot read IP mode file for STMicroelectronics.X-CUBE-AI.8.1.0
2024-01-15 12:44:08,705 [WARN] ConditionMgr:438 - getConditionDescription Invalid condition id : LAN8742 Phy interface Condition cause : null
2024-01-15 12:44:08,706 [WARN] PackLoader:240 - Cannot read IP mode file for STMicroelectronics.X-CUBE-AZRTOS-L4.2.0.0
2024-01-15 12:44:08,707 [WARN] ConditionMgr:1039 - genDependencies : Invalid condition id : LAN8742 Phy interface Condition cause : null
2024-01-15 12:44:08,707 [WARN] ConditionMgr:1039 - genDependencies : Invalid condition id : LAN8742 Phy interface Condition cause : null
2024-01-15 12:44:08,708 [WARN] ConditionMgr:1039 - genDependencies : Invalid condition id : LAN8742 Phy interface Condition cause : null
2024-01-15 12:44:08,724 [WARN] PackLoader:240 - Cannot read IP mode file for STMicroelectronics.X-CUBE-SFXS2LP1.4.0.0
2024-01-15 12:44:08,734 [WARN] PackLoader:240 - Cannot read IP mode file for STMicroelectronics.X-CUBE-ISPU.1.1.0
2024-01-15 12:44:08,765 [WARN] ConditionMgr:438 - getConditionDescription Invalid condition id : UX DEVICE CLASS RTOS Condition cause : null
2024-01-15 12:44:08,765 [WARN] ConditionMgr:438 - getConditionDescription Invalid condition id : UX DEVICE CLASS RTOS Condition cause : null
2024-01-15 12:44:08,767 [WARN] PackLoader:240 - Cannot read IP mode file for STMicroelectronics.X-CUBE-AZRTOS-WB.2.0.0
2024-01-15 12:44:08,767 [WARN] ConditionMgr:1039 - genDependencies : Invalid condition id : UX DEVICE CLASS RTOS Condition cause : null
2024-01-15 12:44:08,767 [WARN] ConditionMgr:1039 - genDependencies : Invalid condition id : UX DEVICE CLASS RTOS Condition cause : null
2024-01-15 12:44:08,768 [WARN] ConditionMgr:1039 - genDependencies : Invalid condition id : UX DEVICE CLASS RTOS Condition cause : null
2024-01-15 12:44:08,768 [WARN] ConditionMgr:1039 - genDependencies : Invalid condition id : UX DEVICE CLASS RTOS Condition cause : null
2024-01-15 12:44:08,768 [WARN] ConditionMgr:1039 - genDependencies : Invalid condition id : UX DEVICE CLASS RTOS Condition cause : null
2024-01-15 12:44:08,777 [WARN] PackLoader:240 - Cannot read IP mode file for STMicroelectronics.X-CUBE-SUBG2.5.0.0
2024-01-15 12:44:08,794 [WARN] PackLoader:240 - Cannot read IP mode file for STMicroelectronics.X-CUBE-TOF1.3.3.1
2024-01-15 12:44:08,818 [WARN] PackLoader:240 - Cannot read IP mode file for STMicroelectronics.X-CUBE-AZRTOS-G4.2.0.0
2024-01-15 12:44:08,841 [WARN] PackLoader:240 - Cannot read IP mode file for Infineon.AIROC-Wi-Fi-Bluetooth-STM32.1.5.1
2024-01-15 12:44:08,850 [WARN] PackLoader:240 - Cannot read IP mode file for STMicroelectronics.FP-SNS-MOTENVWB1.1.3.0
2024-01-15 12:44:08,858 [WARN] PackLoader:240 - Cannot read IP mode file for STMicroelectronics.FP-SNS-MOTENVWB1.1.3.1
2024-01-15 12:44:08,870 [WARN] PackLoader:240 - Cannot read IP mode file for STMicroelectronics.X-CUBE-ISPU.2.0.0
2024-01-15 12:44:08,900 [WARN] PackLoader:240 - Cannot read IP mode file for STMicroelectronics.X-CUBE-MEMS1.10.0.0
2024-01-15 12:44:08,973 [WARN] PackLoader:240 - Cannot read IP mode file for STMicroelectronics.X-CUBE-FREERTOS.1.1.0
2024-01-15 12:44:08,984 [WARN] PackLoader:240 - Cannot read IP mode file for portGmbH.I-Cube-SoM-uGOAL.1.1.0
2024-01-15 12:44:09,002 [WARN] PackLoader:240 - Cannot read IP mode file for STMicroelectronics.X-CUBE-ALS.1.0.1
2024-01-15 12:44:09,008 [WARN] PackLoader:240 - Cannot read IP mode file for STMicroelectronics.FP-ATR-ASTRA1.2.0.0
2024-01-15 12:44:09,026 [WARN] PackLoader:240 - Cannot read IP mode file for STMicroelectronics.X-CUBE-TOF1.3.4.0
2024-01-15 12:44:09,061 [WARN] PackLoader:240 - Cannot read IP mode file for STMicroelectronics.X-CUBE-AZRTOS-H7.3.2.0
2024-01-15 12:44:09,063 [INFO] ThirdParty:978 - Integrity check success = true
2024-01-15 12:44:09,064 [INFO] IntegrityCheckThread:100 - exiting critical section [integrity check]
2024-01-15 12:44:09,064 [INFO] IntegrityCheckThread:103 - End integrity checks thread
2024-01-15 12:44:28,274 [ERROR] LogOutputStream:75 - [STDERR_REDIRECT] SLF4J: Failed to load class "org.slf4j.impl.StaticLoggerBinder".
2024-01-15 12:44:28,274 [ERROR] LogOutputStream:75 - [STDERR_REDIRECT] SLF4J: Defaulting to no-operation (NOP) logger implementation
2024-01-15 12:44:28,275 [ERROR] LogOutputStream:75 - [STDERR_REDIRECT] SLF4J: See http://www.slf4j.org/codes.html#StaticLoggerBinder for further details.
2024-01-15 12:45:23,522 [ERROR] LogOutputStream:75 - [STDERR_REDIRECT] 
